<?xml version="1.0" encoding="UTF-8"?>
<!-- Generated by org.testng.reporters.JUnitReportReporter -->
<testsuite hostname="CHNA-LAPW0176" failures="1" tests="11" name="com.dev.allIndex.createPortfolio.CreatePortFolio" time="550.427" errors="0" timestamp="2023-04-12T11:01:35 IST" skipped="0">
  <testcase classname="com.dev.allIndex.createPortfolio.CreatePortFolio" name="verifyCountOfSelectedStocksMatchingWithSelectedManually" time="36.823"/>
  <system-out/>
  <testcase classname="com.dev.allIndex.createPortfolio.CreatePortFolio" name="verifyCountOfDeselectedStocksAfterRemovedFromSelectedStocks" time="105.043"/>
  <system-out/>
  <testcase classname="com.dev.allIndex.createPortfolio.CreatePortFolio" name="VerificationOfWorkingOfClearAllButton" time="32.801"/>
  <system-out/>
  <testcase classname="com.dev.allIndex.createPortfolio.CreatePortFolio" name="VerificationOfWorkingOfSelectAllButton" time="34.585"/>
  <system-out/>
  <testcase classname="com.dev.allIndex.createPortfolio.CreatePortFolio" name="verificationOfEqualStockDistributionInWeighingStepper" time="116.883"/>
  <system-out/>
  <testcase classname="com.dev.allIndex.createPortfolio.CreatePortFolio" name="createPortfolioManulSearch" time="39.035">
    <failure message="Test Failed.Something went Wrong" type="java.lang.AssertionError">
      <![CDATA[java.lang.AssertionError: Test Failed.Something went Wrong
at org.testng.Assert.fail(Assert.java:99)
at com.dev.allIndex.createPortfolio.CreatePortFolio.createPortfolioManulSearch(CreatePortFolio.java:124)
at java.base/jdk.internal.reflect.NativeMethodAccessorImpl.invoke0(Native Method)
at java.base/jdk.internal.reflect.NativeMethodAccessorImpl.invoke(NativeMethodAccessorImpl.java:62)
at java.base/jdk.internal.reflect.DelegatingMethodAccessorImpl.invoke(DelegatingMethodAccessorImpl.java:43)
at java.base/java.lang.reflect.Method.invoke(Method.java:566)
at org.testng.internal.MethodInvocationHelper.invokeMethod(MethodInvocationHelper.java:132)
at org.testng.internal.TestInvoker.invokeMethod(TestInvoker.java:599)
at org.testng.internal.TestInvoker.invokeTestMethod(TestInvoker.java:174)
at org.testng.internal.MethodRunner.runInSequence(MethodRunner.java:46)
at org.testng.internal.TestInvoker$MethodInvocationAgent.invoke(TestInvoker.java:822)
at org.testng.internal.TestInvoker.invokeTestMethods(TestInvoker.java:147)
at org.testng.internal.TestMethodWorker.invokeTestMethods(TestMethodWorker.java:146)
at org.testng.internal.TestMethodWorker.run(TestMethodWorker.java:128)
at java.base/java.util.ArrayList.forEach(ArrayList.java:1541)
at org.testng.TestRunner.privateRun(TestRunner.java:764)
at org.testng.TestRunner.run(TestRunner.java:585)
at org.testng.SuiteRunner.runTest(SuiteRunner.java:384)
at org.testng.SuiteRunner.runSequentially(SuiteRunner.java:378)
at org.testng.SuiteRunner.privateRun(SuiteRunner.java:337)
at org.testng.SuiteRunner.run(SuiteRunner.java:286)
at org.testng.SuiteRunnerWorker.runSuite(SuiteRunnerWorker.java:53)
at org.testng.SuiteRunnerWorker.run(SuiteRunnerWorker.java:96)
at org.testng.TestNG.runSuitesSequentially(TestNG.java:1218)
at org.testng.TestNG.runSuitesLocally(TestNG.java:1140)
at org.testng.TestNG.runSuites(TestNG.java:1069)
at org.testng.TestNG.run(TestNG.java:1037)
at org.testng.remote.AbstractRemoteTestNG.run(AbstractRemoteTestNG.java:115)
at org.testng.remote.RemoteTestNG.initAndRun(RemoteTestNG.java:251)
at org.testng.remote.RemoteTestNG.main(RemoteTestNG.java:77)
]]>
    </failure>
  </testcase> <!-- createPortfolioManulSearch -->
  <system-out/>
  <testcase classname="com.dev.allIndex.createPortfolio.CreatePortFolio" name="checkUploadButtonPresent" time="36.439"/>
  <system-out/>
  <testcase classname="com.dev.allIndex.createPortfolio.CreatePortFolio" name="checkDownloadButtonPresent" time="25.181"/>
  <system-out/>
  <testcase classname="com.dev.allIndex.createPortfolio.CreatePortFolio" name="verifyFileDownloadedOrNot" time="39.578"/>
  <system-out/>
  <testcase classname="com.dev.allIndex.createPortfolio.CreatePortFolio" name="checkWarningMEssageIfExcelUploadedWithMissedWeighing" time="37.301"/>
  <system-out/>
  <testcase classname="com.dev.allIndex.createPortfolio.CreatePortFolio" name="createPortfoliowithExcelFileUpload" time="46.758"/>
  <system-out/>
</testsuite> <!-- com.dev.allIndex.createPortfolio.CreatePortFolio -->
