<?xml version="1.0" encoding="UTF-8"?>
<!-- Generated by org.testng.reporters.JUnitReportReporter -->
<testsuite hostname="CHNA-LAPW0176" failures="0" tests="1" name="com.dev.allIndex.createPortfolio.CreatePortfolioByNonRebalance" time="52.240" errors="0" timestamp="2023-04-14T16:59:19 IST" skipped="0">
  <testcase classname="com.dev.allIndex.createPortfolio.CreatePortfolioByNonRebalance" name="verifyNavigatetoTheUploadImageStepper" time="52.240"/>
  <system-out/>
</testsuite> <!-- com.dev.allIndex.createPortfolio.CreatePortfolioByNonRebalance -->
